2025-11-28T10:24:53.609Z [INFO]: # Build environment configured with Standard build compute type: 8GiB Memory, 4vCPUs, 128GB Disk Space
2025-11-28T10:24:54.306Z [INFO]: # Cloning repository: git@github.com:kagemusha2/tma.git
2025-11-28T10:24:55.169Z [INFO]: 
2025-11-28T10:24:55.170Z [INFO]: Cloning into 'tma'...
2025-11-28T10:24:55.170Z [INFO]: # Switching to commit: 657af151c3eee53fd747e509da81c4ff4b88e9fd
2025-11-28T10:24:55.185Z [INFO]: Note: switching to '657af151c3eee53fd747e509da81c4ff4b88e9fd'.
                                 You are in 'detached HEAD' state. You can look around, make experimental
                                 changes and commit them, and you can discard any commits you make in this
                                 state without impacting any branches by switching back to a branch.
                                 If you want to create a new branch to retain commits you create, you may
                                 do so (now or later) by using -c with the switch command. Example:
                                 git switch -c <new-branch-name>
                                 Or undo this operation with:
                                 git switch -
                                 Turn off this advice by setting config variable advice.detachedHead to false
                                 HEAD is now at 657af15 fix: use npm install instead of npm ci in amplify.yml
2025-11-28T10:24:55.233Z [INFO]: Successfully cleaned up Git credentials
2025-11-28T10:24:55.233Z [INFO]: # Checking for Git submodules at: /codebuild/output/src3442185769/src/tma/.gitmodules
2025-11-28T10:24:55.244Z [INFO]: # Retrieving environment cache...
2025-11-28T10:24:55.275Z [WARNING]: ! Unable to write cache: {"code":"ERR_BAD_REQUEST","message":"Request failed with status code 404"})}
2025-11-28T10:24:55.275Z [INFO]: ---- Setting Up SSM Secrets ----
2025-11-28T10:24:55.275Z [INFO]: SSM params {"Path":"/amplify/d2nmiulwzohoge/main/","WithDecryption":true}
2025-11-28T10:24:55.321Z [WARNING]: !Failed to set up process.env.secrets
2025-11-28T10:24:55.953Z [INFO]: # No package override configuration found.
2025-11-28T10:24:55.956Z [INFO]: # Retrieving cache...
2025-11-28T10:24:56.074Z [INFO]: # Extracting cache...
2025-11-28T10:24:56.076Z [INFO]: # Extraction completed
2025-11-28T10:24:56.076Z [INFO]: # Retrieved cache
2025-11-28T10:25:00.423Z [INFO]: ## Starting Backend Build
                                 # Starting phase: build
                                 # Executing command: npm install --cache .npm --prefer-offline
2025-11-28T10:25:18.011Z [WARNING]: npm warn ERESOLVE overriding peer dependency
2025-11-28T10:25:18.016Z [WARNING]: npm warn While resolving: @aws-amplify/codegen-ui-react@2.20.3
                                    npm warn Found: react@19.2.0
                                    npm warn node_modules/react
                                    npm warn   react@"^19.0.0" from the root project
                                    npm warn   23 more (@emotion/react, @emotion/styled, ...)
                                    npm warn
                                    npm warn Could not resolve dependency:
                                    npm warn peer react@"^16.8 || ^17.0 || ^18.0" from @aws-amplify/codegen-ui-react@2.20.3
                                    npm warn node_modules/@aws-amplify/codegen-ui-react
                                    npm warn   @aws-amplify/codegen-ui-react@"^2.19.4" from @aws-amplify/form-generator@1.2.5
                                    npm warn   node_modules/@aws-amplify/form-generator
                                    npm warn
                                    npm warn Conflicting peer dependency: react@18.3.1
                                    npm warn node_modules/react
                                    npm warn   peer react@"^16.8 || ^17.0 || ^18.0" from @aws-amplify/codegen-ui-react@2.20.3
                                    npm warn   node_modules/@aws-amplify/codegen-ui-react
                                    npm warn     @aws-amplify/codegen-ui-react@"^2.19.4" from @aws-amplify/form-generator@1.2.5
                                    npm warn     node_modules/@aws-amplify/form-generator
2025-11-28T10:25:18.017Z [WARNING]: npm warn ERESOLVE overriding peer dependency
2025-11-28T10:25:18.017Z [WARNING]: npm warn While resolving: @aws-amplify/codegen-ui-react@2.20.3
                                    npm warn Found: react-dom@19.2.0
                                    npm warn node_modules/react-dom
                                    npm warn   react-dom@"^19.0.0" from the root project
                                    npm warn   9 more (@mui/material, next, ra-core, ra-ui-materialui, ...)
                                    npm warn
                                    npm warn Could not resolve dependency:
                                    npm warn peer react-dom@"^16.8 || ^17.0 || ^18.0" from @aws-amplify/codegen-ui-react@2.20.3
                                    npm warn node_modules/@aws-amplify/codegen-ui-react
                                    npm warn   @aws-amplify/codegen-ui-react@"^2.19.4" from @aws-amplify/form-generator@1.2.5
                                    npm warn   node_modules/@aws-amplify/form-generator
                                    npm warn
                                    npm warn Conflicting peer dependency: react-dom@18.3.1
                                    npm warn node_modules/react-dom
                                    npm warn   peer react-dom@"^16.8 || ^17.0 || ^18.0" from @aws-amplify/codegen-ui-react@2.20.3
                                    npm warn   node_modules/@aws-amplify/codegen-ui-react
                                    npm warn     @aws-amplify/codegen-ui-react@"^2.19.4" from @aws-amplify/form-generator@1.2.5
                                    npm warn     node_modules/@aws-amplify/form-generator
2025-11-28T10:25:18.683Z [WARNING]: npm warn ERESOLVE overriding peer dependency
2025-11-28T10:25:18.684Z [WARNING]: npm warn While resolving: @aws-amplify/plugin-types@1.10.1
                                    npm warn Found: @aws-sdk/types@3.821.0
                                    npm warn node_modules/@aws-amplify/data-construct/node_modules/@aws-amplify/ai-constructs/node_modules/@aws-amplify/plugin-types/node_modules/@aws-sdk/types
                                    npm warn
                                    npm warn Could not resolve dependency:
                                    npm warn peer @aws-sdk/types@"^3.734.0" from @aws-amplify/plugin-types@1.10.1
                                    npm warn node_modules/@aws-amplify/data-construct/node_modules/@aws-amplify/ai-constructs/node_modules/@aws-amplify/plugin-types
                                    npm warn   @aws-amplify/plugin-types@"^1.10.1" from @aws-amplify/ai-constructs@1.5.3
                                    npm warn   node_modules/@aws-amplify/data-construct/node_modules/@aws-amplify/ai-constructs
2025-11-28T10:25:20.692Z [WARNING]: npm warn ERESOLVE overriding peer dependency
2025-11-28T10:25:20.692Z [WARNING]: npm warn While resolving: @aws-amplify/plugin-types@1.10.1
                                    npm warn Found: @aws-sdk/types@3.821.0
                                    npm warn node_modules/@aws-amplify/graphql-api-construct/node_modules/@aws-amplify/ai-constructs/node_modules/@aws-amplify/plugin-types/node_modules/@aws-sdk/types
                                    npm warn
                                    npm warn Could not resolve dependency:
                                    npm warn peer @aws-sdk/types@"^3.734.0" from @aws-amplify/plugin-types@1.10.1
                                    npm warn node_modules/@aws-amplify/graphql-api-construct/node_modules/@aws-amplify/ai-constructs/node_modules/@aws-amplify/plugin-types
                                    npm warn   @aws-amplify/plugin-types@"^1.10.1" from @aws-amplify/ai-constructs@1.5.3
                                    npm warn   node_modules/@aws-amplify/graphql-api-construct/node_modules/@aws-amplify/ai-constructs
2025-11-28T10:26:30.288Z [WARNING]: npm warn deprecated rimraf@3.0.2: Rimraf versions prior to v4 are no longer supported
2025-11-28T10:26:31.164Z [WARNING]: npm warn deprecated inflight@1.0.6: This module is not supported, and leaks memory. Do not use it. Check out lru-cache if you want a good and tested way to coalesce async requests by a key value, which is much more comprehensive and powerful.
2025-11-28T10:26:31.358Z [WARNING]: npm warn deprecated node-domexception@1.0.0: Use your platform's native DOMException instead
2025-11-28T10:26:33.527Z [WARNING]: npm warn deprecated @babel/plugin-proposal-class-properties@7.18.6: This proposal has been merged to the ECMAScript standard and thus this plugin is no longer maintained. Please use @babel/plugin-transform-class-properties instead.
2025-11-28T10:26:33.553Z [WARNING]: npm warn deprecated @babel/plugin-proposal-object-rest-spread@7.20.7: This proposal has been merged to the ECMAScript standard and thus this plugin is no longer maintained. Please use @babel/plugin-transform-object-rest-spread instead.
2025-11-28T10:26:34.812Z [WARNING]: npm warn deprecated glob@7.2.3: Glob versions prior to v9 are no longer supported
2025-11-28T10:26:40.150Z [WARNING]: npm warn deprecated glob@7.2.3: Glob versions prior to v9 are no longer supported
2025-11-28T10:26:48.162Z [WARNING]: npm warn deprecated core-js@2.6.12: core-js@<3.23.3 is no longer maintained and not recommended for usage due to the number of issues. Because of the V8 engine whims, feature detection in old core-js versions could cause a slowdown up to 100x even if nothing is polyfilled. Some versions have web compatibility issues. Please, upgrade your dependencies to the actual version of core-js.
2025-11-28T10:27:16.450Z [INFO]: added 1849 packages, and audited 2703 packages in 2m
2025-11-28T10:27:16.455Z [INFO]: 253 packages are looking for funding
                                 run `npm fund` for details
                                 found 0 vulnerabilities
2025-11-28T10:27:16.491Z [INFO]: # Executing command: npx ampx pipeline-deploy --branch $AWS_BRANCH --app-id $AWS_APP_ID
2025-11-28T10:27:20.926Z [INFO]: 10:27:20 AM Synthesizing backend...
2025-11-28T10:27:20.931Z [INFO]: 
2025-11-28T10:27:22.270Z [WARNING]: Bundling asset amplify-d2nmiulwzohoge-main-branch-cc25bb8f8d/AmplifyBranchLinker/CustomResourceLambda/Code/Stage...
2025-11-28T10:27:22.607Z [WARNING]: ...352803d2771ef5cb51942cd975386542f0731601d757ac-building/index.js  910.1kb
                                    ⚡ Done in 67ms
2025-11-28T10:27:22.883Z [WARNING]: WARNING: Schema is using an @auth directive with deprecated provider 'iam'. Replace 'iam' provider with 'identityPool' provider.
2025-11-28T10:27:23.311Z [INFO]: 10:27:23 AM ✔ Backend synthesized in 2.92 seconds
2025-11-28T10:27:23.311Z [INFO]: 10:27:23 AM Running type checks...
2025-11-28T10:27:32.767Z [INFO]: 10:27:32 AM ✔ Type checks completed in 9.45 seconds
2025-11-28T10:27:32.772Z [INFO]: 
2025-11-28T10:27:32.774Z [INFO]: 10:27:32 AM Building and publishing assets...
2025-11-28T10:27:33.323Z [INFO]: 
2025-11-28T10:27:33.323Z [INFO]: [BootstrapDetectionError] Unable to detect CDK bootstrap stack due to permission issues.
                                 ∟ Caused by: [ToolkitError] amplify-d2nmiulwzohoge-main-branch-cc25bb8f8d: This CDK deployment requires bootstrap stack version '6', but during the confirmation via SSM parameter /cdk-bootstrap/hnb659fds/version the following error occurred: AccessDeniedException: User: arn:aws:sts::609474313408:assumed-role/AmplifySSRLoggingRole-5516f201-91a2-499f-a5a2-6c7d1242fec0/BuildSession is not authorized to perform: ssm:GetParameter on resource: arn:aws:ssm:eu-west-3:609474313408:parameter/cdk-bootstrap/hnb659fds/version because no identity-based policy allows the ssm:GetParameter action
                                 Resolution: Ensure that AWS credentials have an IAM policy that grants read access to 'arn:aws:ssm:*:*:parameter/cdk-bootstrap/*' SSM parameters.
2025-11-28T10:27:33.324Z [WARNING]: ampx pipeline-deploy
                                    Command to deploy backends in a custom CI/CD pipeline. This command is not inten
                                    ded to be used locally.
                                    Options:
                                    --debug            Print debug logs to the console
                                    [boolean] [default: false]
                                    --branch           Name of the git branch being deployed
                                    [string] [required]
                                    --app-id           The app id of the target Amplify app[string] [required]
                                    --outputs-out-dir  A path to directory where amplify_outputs is written. I
                                    f not provided defaults to current process working dire
                                    ctory.                                         [string]
                                    --outputs-version  Version of the configuration. Version 0 represents clas
                                    sic amplify-cli config file amplify-configuration and 1
                                    represents newer config file amplify_outputs
                                    [string] [choices: "0", "1", "1.1", "1.2", "1.3", "1.4"] [default: "1.4"]
                                    --outputs-format   amplify_outputs file format
                                    [string] [choices: "mjs", "json", "json-mobile", "ts", "dart"]
                                    -h, --help             Show help                                     [boolean]
2025-11-28T10:27:33.389Z [ERROR]: !!! Build failed
2025-11-28T10:27:33.389Z [INFO]: Please read more about Amplify Hosting's support for SSR frameworks to find if your build failure is related to an unsupported feature: https://docs.aws.amazon.com/amplify/latest/userguide/amplify-ssr-framework-support.html. You may also find this troubleshooting guide useful: https://docs.aws.amazon.com/amplify/latest/userguide/troubleshooting-ssr-deployment.html
2025-11-28T10:27:33.389Z [ERROR]: !!! Error: Command failed with exit code 1
2025-11-28T10:27:33.389Z [INFO]: # Starting environment caching...
2025-11-28T10:27:33.390Z [INFO]: # Environment caching completed

